<?xml version="1.0" encoding="UTF-8"?>
<testsuites name="Mocha Tests" time="12.015" tests="3" failures="0">
  <testsuite name="Root Suite" timestamp="2024-08-19T03:08:46" tests="0" file="cypress\e2e\search.spec.js" time="0.000" failures="0">
  </testsuite>
  <testsuite name="Pesquisa" timestamp="2024-08-19T03:08:46" tests="0" time="0.000" failures="0">
  </testsuite>
  <testsuite name="Realizar pesquisa com sucesso" timestamp="2024-08-19T03:08:46" tests="2" time="9.144" failures="0">
    <testcase name="Pesquisa Realizar pesquisa com sucesso Realizar pesquisa por empréstimos e validar titulo e resultados de sucesso" time="5.480" classname="Realizar pesquisa por empréstimos e validar titulo e resultados de sucesso">
    </testcase>
    <testcase name="Pesquisa Realizar pesquisa com sucesso Realizar pesquisa por cartões e validar titulo e resultados de sucesso" time="3.515" classname="Realizar pesquisa por cartões e validar titulo e resultados de sucesso">
    </testcase>
  </testsuite>
  <testsuite name="Realizar pesquisa com falha" timestamp="2024-08-19T03:08:55" tests="1" time="2.865" failures="0">
    <testcase name="Pesquisa Realizar pesquisa com falha Realizar pesquisa por um texto que não tenha resultado" time="2.818" classname="Realizar pesquisa por um texto que não tenha resultado">
    </testcase>
  </testsuite>
</testsuites>